Arguments: 
  C:\Program Files\nodejs\node.exe C:\Users\Dotabel\AppData\Roaming\npm\node_modules\yarn\bin\yarn.js install

PATH: 
  C:\Users\Dotabel\bin;C:\Program Files\Git\mingw64\bin;C:\Program Files\Git\usr\local\bin;C:\Program Files\Git\usr\bin;C:\Program Files\Git\usr\bin;C:\Program Files\Git\mingw64\bin;C:\Program Files\Git\usr\bin;C:\Users\Dotabel\bin;C:\Program Files (x86)\VMware\VMware Workstation\bin;C:\WINDOWS\system32;C:\WINDOWS;C:\WINDOWS\System32\Wbem;C:\WINDOWS\System32\WindowsPowerShell\v1.0;C:\Program Files\Git\cmd;C:\Program Files\nodejs;C:\ProgramData\chocolatey\bin;C:\WINDOWS\System32\OpenSSH;C:\Users\Dotabel\AppData\Local\Programs\Python\Python310\Scripts;C:\Users\Dotabel\AppData\Local\Programs\Python\Python310;C:\Users\Dotabel\AppData\Local\Microsoft\WindowsApps;C:\Users\Dotabel\AppData\Local\Programs\Microsoft VS Code\bin;C:\Users\Dotabel\AppData\Roaming\npm;C:\Users\Dotabel\AppData\Local\spicetify;C:\Program Files\Git\usr\bin\vendor_perl;C:\Program Files\Git\usr\bin\core_perl

Yarn version: 
  1.22.19

Node version: 
  16.16.0

Platform: 
  win32 x64

Trace: 
  Error: https://registry.yarnpkg.com/gulp_sass: Not found
      at Request.params.callback [as _callback] (C:\Users\Dotabel\AppData\Roaming\npm\node_modules\yarn\lib\cli.js:66145:18)
      at Request.self.callback (C:\Users\Dotabel\AppData\Roaming\npm\node_modules\yarn\lib\cli.js:140890:22)
      at Request.emit (node:events:527:28)
      at Request.<anonymous> (C:\Users\Dotabel\AppData\Roaming\npm\node_modules\yarn\lib\cli.js:141862:10)
      at Request.emit (node:events:527:28)
      at IncomingMessage.<anonymous> (C:\Users\Dotabel\AppData\Roaming\npm\node_modules\yarn\lib\cli.js:141784:12)
      at Object.onceWrapper (node:events:641:28)
      at IncomingMessage.emit (node:events:539:35)
      at endReadableNT (node:internal/streams/readable:1345:12)
      at processTicksAndRejections (node:internal/process/task_queues:83:21)

npm manifest: 
  {
    "name": "litecss",
    "version": "1.0.0",
    "description": "A css framework by liteweb engine",
    "main": "index.js",
    "scripts": {
      "test": "echo \"Error: no test specified\" && exit 1"
    },
    "author": "Liteweb Engine",
    "license": "ISC",
    "devDependencies": {
      "gulp": "^4.0.2",
      "gulp_sass": "^5.1.0",
      "sass": "^1.52.1"
    }
  }

yarn manifest: 
  No manifest

Lockfile: 
  No lockfile
